[0m2022.04.18 09:53:29 INFO  Started: Metals version 0.10.1 in workspace '/home/cristian/info/estudio/scala/advanced-scala-2' for client vscode 1.66.2.[0m
[0m2022.04.18 09:53:32 INFO  time: initialize in 2.43s[0m
[0m2022.04.18 09:53:32 WARN  Build server is not auto-connectable.[0m
[0m2022.04.18 09:54:29 WARN  no build target for: /home/cristian/info/estudio/scala/advanced-scala-2/src/main/scala/lectures/part2fp/PartialFunctions.scala[0m
[0m2022.04.18 09:54:32 INFO  no build target: using presentation compiler with only scala-library: 2.12.13[0m
[0m2022.04.18 09:54:34 INFO  time: code lens generation in 2.34s[0m
[0m2022.04.18 09:54:34 INFO  time: code lens generation in 2.39s[0m
[0m2022.04.18 09:54:35 WARN  no build target for: /home/cristian/info/estudio/scala/advanced-scala-2/src/main/scala/lectures/part2fp/PartialFunctions.scala[0m
[0m2022.04.18 09:54:35 INFO  time: code lens generation in 3.74s[0m
Apr 18, 2022 9:54:35 AM scala.meta.internal.pc.CompilerAccess handleError
SEVERE: file%3A%2F%2F%2Fhome%2Fcristian%2Finfo%2Festudio%2Fscala%2Fadvanced-scala-2%2Fsrc%2Fmain%2Fscala%2Flectures%2Fpart2fp%2FPartialFunctions.scala:4: error: . expected but \n\n found

^
file%3A%2F%2F%2Fhome%2Fcristian%2Finfo%2Festudio%2Fscala%2Fadvanced-scala-2%2Fsrc%2Fmain%2Fscala%2Flectures%2Fpart2fp%2FPartialFunctions.scala:4: error: . expected but \n\n found

^
	at scala.meta.internal.parsers.Reporter.syntaxError(Reporter.scala:16)
	at scala.meta.internal.parsers.Reporter.syntaxError$(Reporter.scala:16)
	at scala.meta.internal.parsers.Reporter$$anon$1.syntaxError(Reporter.scala:22)
	at scala.meta.internal.parsers.Reporter.syntaxError(Reporter.scala:17)
	at scala.meta.internal.parsers.Reporter.syntaxError$(Reporter.scala:17)
	at scala.meta.internal.parsers.Reporter$$anon$1.syntaxError(Reporter.scala:22)
	at scala.meta.internal.parsers.ScalametaParser.syntaxErrorExpected(ScalametaParser.scala:852)
	at scala.meta.internal.parsers.ScalametaParser.accept(ScalametaParser.scala:858)
	at scala.meta.internal.parsers.ScalametaParser.dotselectors$1(ScalametaParser.scala:3877)
	at scala.meta.internal.parsers.ScalametaParser.$anonfun$importer$1(ScalametaParser.scala:3894)
	at scala.meta.internal.parsers.ScalametaParser.atPos(ScalametaParser.scala:817)
	at scala.meta.internal.parsers.ScalametaParser.autoPos(ScalametaParser.scala:833)
	at scala.meta.internal.parsers.ScalametaParser.importer(ScalametaParser.scala:3870)
	at scala.meta.internal.parsers.ScalametaParser.$anonfun$importStmt$2(ScalametaParser.scala:3864)
	at scala.meta.internal.parsers.ScalametaParser.partOrEllipsis$1(ScalametaParser.scala:1354)
	at scala.meta.internal.parsers.ScalametaParser.tokenSeparated(ScalametaParser.scala:1357)
	at scala.meta.internal.parsers.ScalametaParser.commaSeparated(ScalametaParser.scala:1366)
	at scala.meta.internal.parsers.ScalametaParser.$anonfun$importStmt$1(ScalametaParser.scala:3864)
	at scala.meta.internal.parsers.ScalametaParser.atPos(ScalametaParser.scala:817)
	at scala.meta.internal.parsers.ScalametaParser.autoPos(ScalametaParser.scala:833)
	at scala.meta.internal.parsers.ScalametaParser.importStmt(ScalametaParser.scala:3862)
	at scala.meta.internal.parsers.ScalametaParser$$anonfun$topStat$1.applyOrElse(ScalametaParser.scala:4847)
	at scala.meta.internal.parsers.ScalametaParser$$anonfun$topStat$1.applyOrElse(ScalametaParser.scala:4839)
	at scala.runtime.AbstractPartialFunction.apply(AbstractPartialFunction.scala:38)
	at scala.meta.internal.parsers.ScalametaParser.statSeq(ScalametaParser.scala:4829)
	at scala.meta.internal.parsers.ScalametaParser.topStatSeq(ScalametaParser.scala:4838)
	at scala.meta.internal.parsers.ScalametaParser.bracelessPackageStats$1(ScalametaParser.scala:5044)
	at scala.meta.internal.parsers.ScalametaParser.$anonfun$batchSource$9(ScalametaParser.scala:5050)
	at scala.meta.internal.parsers.ScalametaParser.atPos(ScalametaParser.scala:817)
	at scala.meta.internal.parsers.ScalametaParser.$anonfun$batchSource$1(ScalametaParser.scala:5050)
	at scala.meta.internal.parsers.ScalametaParser.atPos(ScalametaParser.scala:817)
	at scala.meta.internal.parsers.ScalametaParser.autoPos(ScalametaParser.scala:833)
	at scala.meta.internal.parsers.ScalametaParser.batchSource(ScalametaParser.scala:5018)
	at scala.meta.internal.parsers.ScalametaParser.$anonfun$source$1(ScalametaParser.scala:5001)
	at scala.meta.internal.parsers.ScalametaParser.atPos(ScalametaParser.scala:817)
	at scala.meta.internal.parsers.ScalametaParser.autoPos(ScalametaParser.scala:833)
	at scala.meta.internal.parsers.ScalametaParser.source(ScalametaParser.scala:5000)
	at scala.meta.internal.parsers.ScalametaParser.entrypointSource(ScalametaParser.scala:5006)
	at scala.meta.internal.parsers.ScalametaParser.$anonfun$parseSource$2(ScalametaParser.scala:142)
	at scala.meta.internal.parsers.ScalametaParser.parseRule(ScalametaParser.scala:52)
	at scala.meta.internal.parsers.ScalametaParser.parseSource(ScalametaParser.scala:142)
	at scala.meta.parsers.Parse$.$anonfun$parseSource$1(Parse.scala:29)
	at scala.meta.internal.parsers.ScalametaParser$$anon$257.apply(ScalametaParser.scala:5063)
	at scala.meta.parsers.Api$XtensionParseDialectInput.parse(Api.scala:25)
	at scala.meta.internal.semanticdb.scalac.ParseOps$XtensionCompilationUnitSource.toSource(ParseOps.scala:17)
	at scala.meta.internal.semanticdb.scalac.TextDocumentOps$XtensionCompilationUnitDocument.toTextDocument(TextDocumentOps.scala:201)
	at scala.meta.internal.pc.SemanticdbTextDocumentProvider.textDocument(SemanticdbTextDocumentProvider.scala:51)

[0m2022.04.18 09:54:35 INFO  time: code lens generation in 3.84s[0m
Apr 18, 2022 9:54:35 AM scala.meta.internal.pc.CompilerAccess handleError
SEVERE: file%3A%2F%2F%2Fhome%2Fcristian%2Finfo%2Festudio%2Fscala%2Fadvanced-scala-2%2Fsrc%2Fmain%2Fscala%2Flectures%2Fpart2fp%2FPartialFunctions.scala:4: error: . expected but \n\n found

^
file%3A%2F%2F%2Fhome%2Fcristian%2Finfo%2Festudio%2Fscala%2Fadvanced-scala-2%2Fsrc%2Fmain%2Fscala%2Flectures%2Fpart2fp%2FPartialFunctions.scala:4: error: . expected but \n\n found

^
	at scala.meta.internal.parsers.Reporter.syntaxError(Reporter.scala:16)
	at scala.meta.internal.parsers.Reporter.syntaxError$(Reporter.scala:16)
	at scala.meta.internal.parsers.Reporter$$anon$1.syntaxError(Reporter.scala:22)
	at scala.meta.internal.parsers.Reporter.syntaxError(Reporter.scala:17)
	at scala.meta.internal.parsers.Reporter.syntaxError$(Reporter.scala:17)
	at scala.meta.internal.parsers.Reporter$$anon$1.syntaxError(Reporter.scala:22)
	at scala.meta.internal.parsers.ScalametaParser.syntaxErrorExpected(ScalametaParser.scala:852)
	at scala.meta.internal.parsers.ScalametaParser.accept(ScalametaParser.scala:858)
	at scala.meta.internal.parsers.ScalametaParser.dotselectors$1(ScalametaParser.scala:3877)
	at scala.meta.internal.parsers.ScalametaParser.$anonfun$importer$1(ScalametaParser.scala:3894)
	at scala.meta.internal.parsers.ScalametaParser.atPos(ScalametaParser.scala:817)
	at scala.meta.internal.parsers.ScalametaParser.autoPos(ScalametaParser.scala:833)
	at scala.meta.internal.parsers.ScalametaParser.importer(ScalametaParser.scala:3870)
	at scala.meta.internal.parsers.ScalametaParser.$anonfun$importStmt$2(ScalametaParser.scala:3864)
	at scala.meta.internal.parsers.ScalametaParser.partOrEllipsis$1(ScalametaParser.scala:1354)
	at scala.meta.internal.parsers.ScalametaParser.tokenSeparated(ScalametaParser.scala:1357)
	at scala.meta.internal.parsers.ScalametaParser.commaSeparated(ScalametaParser.scala:1366)
	at scala.meta.internal.parsers.ScalametaParser.$anonfun$importStmt$1(ScalametaParser.scala:3864)
	at scala.meta.internal.parsers.ScalametaParser.atPos(ScalametaParser.scala:817)
	at scala.meta.internal.parsers.ScalametaParser.autoPos(ScalametaParser.scala:833)
	at scala.meta.internal.parsers.ScalametaParser.importStmt(ScalametaParser.scala:3862)
	at scala.meta.internal.parsers.ScalametaParser$$anonfun$topStat$1.applyOrElse(ScalametaParser.scala:4847)
	at scala.meta.internal.parsers.ScalametaParser$$anonfun$topStat$1.applyOrElse(ScalametaParser.scala:4839)
	at scala.runtime.AbstractPartialFunction.apply(AbstractPartialFunction.scala:38)
	at scala.meta.internal.parsers.ScalametaParser.statSeq(ScalametaParser.scala:4829)
	at scala.meta.internal.parsers.ScalametaParser.topStatSeq(ScalametaParser.scala:4838)
	at scala.meta.internal.parsers.ScalametaParser.bracelessPackageStats$1(ScalametaParser.scala:5044)
	at scala.meta.internal.parsers.ScalametaParser.$anonfun$batchSource$9(ScalametaParser.scala:5050)
	at scala.meta.internal.parsers.ScalametaParser.atPos(ScalametaParser.scala:817)
	at scala.meta.internal.parsers.ScalametaParser.$anonfun$batchSource$1(ScalametaParser.scala:5050)
	at scala.meta.internal.parsers.ScalametaParser.atPos(ScalametaParser.scala:817)
	at scala.meta.internal.parsers.ScalametaParser.autoPos(ScalametaParser.scala:833)
	at scala.meta.internal.parsers.ScalametaParser.batchSource(ScalametaParser.scala:5018)
	at scala.meta.internal.parsers.ScalametaParser.$anonfun$source$1(ScalametaParser.scala:5001)
	at scala.meta.internal.parsers.ScalametaParser.atPos(ScalametaParser.scala:817)
	at scala.meta.internal.parsers.ScalametaParser.autoPos(ScalametaParser.scala:833)
	at scala.meta.internal.parsers.ScalametaParser.source(ScalametaParser.scala:5000)
	at scala.meta.internal.parsers.ScalametaParser.entrypointSource(ScalametaParser.scala:5006)
	at scala.meta.internal.parsers.ScalametaParser.$anonfun$parseSource$2(ScalametaParser.scala:142)
	at scala.meta.internal.parsers.ScalametaParser.parseRule(ScalametaParser.scala:52)
	at scala.meta.internal.parsers.ScalametaParser.parseSource(ScalametaParser.scala:142)
	at scala.meta.parsers.Parse$.$anonfun$parseSource$1(Parse.scala:29)
	at scala.meta.internal.parsers.ScalametaParser$$anon$257.apply(ScalametaParser.scala:5063)
	at scala.meta.parsers.Api$XtensionParseDialectInput.parse(Api.scala:25)
	at scala.meta.internal.semanticdb.scalac.ParseOps$XtensionCompilationUnitSource.toSource(ParseOps.scala:17)
	at scala.meta.internal.semanticdb.scalac.TextDocumentOps$XtensionCompilationUnitDocument.toTextDocument(TextDocumentOps.scala:201)
	at scala.meta.internal.pc.SemanticdbTextDocumentProvider.textDocument(SemanticdbTextDocumentProvider.scala:51)

Apr 18, 2022 9:54:35 AM scala.meta.internal.pc.CompilerAccess handleError
SEVERE: file%3A%2F%2F%2Fhome%2Fcristian%2Finfo%2Festudio%2Fscala%2Fadvanced-scala-2%2Fsrc%2Fmain%2Fscala%2Flectures%2Fpart2fp%2FPartialFunctions.scala:4: error: . expected but \n\n found

^
file%3A%2F%2F%2Fhome%2Fcristian%2Finfo%2Festudio%2Fscala%2Fadvanced-scala-2%2Fsrc%2Fmain%2Fscala%2Flectures%2Fpart2fp%2FPartialFunctions.scala:4: error: . expected but \n\n found

^
	at scala.meta.internal.parsers.Reporter.syntaxError(Reporter.scala:16)
	at scala.meta.internal.parsers.Reporter.syntaxError$(Reporter.scala:16)
	at scala.meta.internal.parsers.Reporter$$anon$1.syntaxError(Reporter.scala:22)
	at scala.meta.internal.parsers.Reporter.syntaxError(Reporter.scala:17)
	at scala.meta.internal.parsers.Reporter.syntaxError$(Reporter.scala:17)
	at scala.meta.internal.parsers.Reporter$$anon$1.syntaxError(Reporter.scala:22)
	at scala.meta.internal.parsers.ScalametaParser.syntaxErrorExpected(ScalametaParser.scala:852)
	at scala.meta.internal.parsers.ScalametaParser.accept(ScalametaParser.scala:858)
	at scala.meta.internal.parsers.ScalametaParser.dotselectors$1(ScalametaParser.scala:3877)
	at scala.meta.internal.parsers.ScalametaParser.$anonfun$importer$1(ScalametaParser.scala:3894)
	at scala.meta.internal.parsers.ScalametaParser.atPos(ScalametaParser.scala:817)
	at scala.meta.internal.parsers.ScalametaParser.autoPos(ScalametaParser.scala:833)
	at scala.meta.internal.parsers.ScalametaParser.importer(ScalametaParser.scala:3870)
	at scala.meta.internal.parsers.ScalametaParser.$anonfun$importStmt$2(ScalametaParser.scala:3864)
	at scala.meta.internal.parsers.ScalametaParser.partOrEllipsis$1(ScalametaParser.scala:1354)
	at scala.meta.internal.parsers.ScalametaParser.tokenSeparated(ScalametaParser.scala:1357)
	at scala.meta.internal.parsers.ScalametaParser.commaSeparated(ScalametaParser.scala:1366)
	at scala.meta.internal.parsers.ScalametaParser.$anonfun$importStmt$1(ScalametaParser.scala:3864)
	at scala.meta.internal.parsers.ScalametaParser.atPos(ScalametaParser.scala:817)
	at scala.meta.internal.parsers.ScalametaParser.autoPos(ScalametaParser.scala:833)
	at scala.meta.internal.parsers.ScalametaParser.importStmt(ScalametaParser.scala:3862)
	at scala.meta.internal.parsers.ScalametaParser$$anonfun$topStat$1.applyOrElse(ScalametaParser.scala:4847)
	at scala.meta.internal.parsers.ScalametaParser$$anonfun$topStat$1.applyOrElse(ScalametaParser.scala:4839)
	at scala.runtime.AbstractPartialFunction.apply(AbstractPartialFunction.scala:38)
	at scala.meta.internal.parsers.ScalametaParser.statSeq(ScalametaParser.scala:4829)
	at scala.meta.internal.parsers.ScalametaParser.topStatSeq(ScalametaParser.scala:4838)
	at scala.meta.internal.parsers.ScalametaParser.bracelessPackageStats$1(ScalametaParser.scala:5044)
	at scala.meta.internal.parsers.ScalametaParser.$anonfun$batchSource$9(ScalametaParser.scala:5050)
	at scala.meta.internal.parsers.ScalametaParser.atPos(ScalametaParser.scala:817)
	at scala.meta.internal.parsers.ScalametaParser.$anonfun$batchSource$1(ScalametaParser.scala:5050)
	at scala.meta.internal.parsers.ScalametaParser.atPos(ScalametaParser.scala:817)
	at scala.meta.internal.parsers.ScalametaParser.autoPos(ScalametaParser.scala:833)
	at scala.meta.internal.parsers.ScalametaParser.batchSource(ScalametaParser.scala:5018)
	at scala.meta.internal.parsers.ScalametaParser.$anonfun$source$1(ScalametaParser.scala:5001)
	at scala.meta.internal.parsers.ScalametaParser.atPos(ScalametaParser.scala:817)
	at scala.meta.internal.parsers.ScalametaParser.autoPos(ScalametaParser.scala:833)
	at scala.meta.internal.parsers.ScalametaParser.source(ScalametaParser.scala:5000)
	at scala.meta.internal.parsers.ScalametaParser.entrypointSource(ScalametaParser.scala:5006)
	at scala.meta.internal.parsers.ScalametaParser.$anonfun$parseSource$2(ScalametaParser.scala:142)
	at scala.meta.internal.parsers.ScalametaParser.parseRule(ScalametaParser.scala:52)
	at scala.meta.internal.parsers.ScalametaParser.parseSource(ScalametaParser.scala:142)
	at scala.meta.parsers.Parse$.$anonfun$parseSource$1(Parse.scala:29)
	at scala.meta.internal.parsers.ScalametaParser$$anon$257.apply(ScalametaParser.scala:5063)
	at scala.meta.parsers.Api$XtensionParseDialectInput.parse(Api.scala:25)
	at scala.meta.internal.semanticdb.scalac.ParseOps$XtensionCompilationUnitSource.toSource(ParseOps.scala:17)
	at scala.meta.internal.semanticdb.scalac.TextDocumentOps$XtensionCompilationUnitDocument.toTextDocument(TextDocumentOps.scala:201)
	at scala.meta.internal.pc.SemanticdbTextDocumentProvider.textDocument(SemanticdbTextDocumentProvider.scala:51)

[0m2022.04.18 09:54:35 INFO  time: code lens generation in 5.64s[0m
Apr 18, 2022 9:54:35 AM scala.meta.internal.pc.CompilerAccess handleError
SEVERE: file%3A%2F%2F%2Fhome%2Fcristian%2Finfo%2Festudio%2Fscala%2Fadvanced-scala-2%2Fsrc%2Fmain%2Fscala%2Flectures%2Fpart2fp%2FPartialFunctions.scala:4: error: . expected but \n\n found

^
file%3A%2F%2F%2Fhome%2Fcristian%2Finfo%2Festudio%2Fscala%2Fadvanced-scala-2%2Fsrc%2Fmain%2Fscala%2Flectures%2Fpart2fp%2FPartialFunctions.scala:4: error: . expected but \n\n found

^
	at scala.meta.internal.parsers.Reporter.syntaxError(Reporter.scala:16)
	at scala.meta.internal.parsers.Reporter.syntaxError$(Reporter.scala:16)
	at scala.meta.internal.parsers.Reporter$$anon$1.syntaxError(Reporter.scala:22)
	at scala.meta.internal.parsers.Reporter.syntaxError(Reporter.scala:17)
	at scala.meta.internal.parsers.Reporter.syntaxError$(Reporter.scala:17)
	at scala.meta.internal.parsers.Reporter$$anon$1.syntaxError(Reporter.scala:22)
	at scala.meta.internal.parsers.ScalametaParser.syntaxErrorExpected(ScalametaParser.scala:852)
	at scala.meta.internal.parsers.ScalametaParser.accept(ScalametaParser.scala:858)
	at scala.meta.internal.parsers.ScalametaParser.dotselectors$1(ScalametaParser.scala:3877)
	at scala.meta.internal.parsers.ScalametaParser.$anonfun$importer$1(ScalametaParser.scala:3894)
	at scala.meta.internal.parsers.ScalametaParser.atPos(ScalametaParser.scala:817)
	at scala.meta.internal.parsers.ScalametaParser.autoPos(ScalametaParser.scala:833)
	at scala.meta.internal.parsers.ScalametaParser.importer(ScalametaParser.scala:3870)
	at scala.meta.internal.parsers.ScalametaParser.$anonfun$importStmt$2(ScalametaParser.scala:3864)
	at scala.meta.internal.parsers.ScalametaParser.partOrEllipsis$1(ScalametaParser.scala:1354)
	at scala.meta.internal.parsers.ScalametaParser.tokenSeparated(ScalametaParser.scala:1357)
	at scala.meta.internal.parsers.ScalametaParser.commaSeparated(ScalametaParser.scala:1366)
	at scala.meta.internal.parsers.ScalametaParser.$anonfun$importStmt$1(ScalametaParser.scala:3864)
	at scala.meta.internal.parsers.ScalametaParser.atPos(ScalametaParser.scala:817)
	at scala.meta.internal.parsers.ScalametaParser.autoPos(ScalametaParser.scala:833)
	at scala.meta.internal.parsers.ScalametaParser.importStmt(ScalametaParser.scala:3862)
	at scala.meta.internal.parsers.ScalametaParser$$anonfun$topStat$1.applyOrElse(ScalametaParser.scala:4847)
	at scala.meta.internal.parsers.ScalametaParser$$anonfun$topStat$1.applyOrElse(ScalametaParser.scala:4839)
	at scala.runtime.AbstractPartialFunction.apply(AbstractPartialFunction.scala:38)
	at scala.meta.internal.parsers.ScalametaParser.statSeq(ScalametaParser.scala:4829)
	at scala.meta.internal.parsers.ScalametaParser.topStatSeq(ScalametaParser.scala:4838)
	at scala.meta.internal.parsers.ScalametaParser.bracelessPackageStats$1(ScalametaParser.scala:5044)
	at scala.meta.internal.parsers.ScalametaParser.$anonfun$batchSource$9(ScalametaParser.scala:5050)
	at scala.meta.internal.parsers.ScalametaParser.atPos(ScalametaParser.scala:817)
	at scala.meta.internal.parsers.ScalametaParser.$anonfun$batchSource$1(ScalametaParser.scala:5050)
	at scala.meta.internal.parsers.ScalametaParser.atPos(ScalametaParser.scala:817)
	at scala.meta.internal.parsers.ScalametaParser.autoPos(ScalametaParser.scala:833)
	at scala.meta.internal.parsers.ScalametaParser.batchSource(ScalametaParser.scala:5018)
	at scala.meta.internal.parsers.ScalametaParser.$anonfun$source$1(ScalametaParser.scala:5001)
	at scala.meta.internal.parsers.ScalametaParser.atPos(ScalametaParser.scala:817)
	at scala.meta.internal.parsers.ScalametaParser.autoPos(ScalametaParser.scala:833)
	at scala.meta.internal.parsers.ScalametaParser.source(ScalametaParser.scala:5000)
	at scala.meta.internal.parsers.ScalametaParser.entrypointSource(ScalametaParser.scala:5006)
	at scala.meta.internal.parsers.ScalametaParser.$anonfun$parseSource$2(ScalametaParser.scala:142)
	at scala.meta.internal.parsers.ScalametaParser.parseRule(ScalametaParser.scala:52)
	at scala.meta.internal.parsers.ScalametaParser.parseSource(ScalametaParser.scala:142)
	at scala.meta.parsers.Parse$.$anonfun$parseSource$1(Parse.scala:29)
	at scala.meta.internal.parsers.ScalametaParser$$anon$257.apply(ScalametaParser.scala:5063)
	at scala.meta.parsers.Api$XtensionParseDialectInput.parse(Api.scala:25)
	at scala.meta.internal.semanticdb.scalac.ParseOps$XtensionCompilationUnitSource.toSource(ParseOps.scala:17)
	at scala.meta.internal.semanticdb.scalac.TextDocumentOps$XtensionCompilationUnitDocument.toTextDocument(TextDocumentOps.scala:201)
	at scala.meta.internal.pc.SemanticdbTextDocumentProvider.textDocument(SemanticdbTextDocumentProvider.scala:51)

[0m2022.04.18 09:54:35 INFO  time: code lens generation in 5.85s[0m
Apr 18, 2022 9:54:36 AM scala.meta.internal.pc.CompilerAccess handleError
SEVERE: file%3A%2F%2F%2Fhome%2Fcristian%2Finfo%2Festudio%2Fscala%2Fadvanced-scala-2%2Fsrc%2Fmain%2Fscala%2Flectures%2Fpart2fp%2FPartialFunctions.scala:4: error: . expected but \n\n found

^
file%3A%2F%2F%2Fhome%2Fcristian%2Finfo%2Festudio%2Fscala%2Fadvanced-scala-2%2Fsrc%2Fmain%2Fscala%2Flectures%2Fpart2fp%2FPartialFunctions.scala:4: error: . expected but \n\n found

^
	at scala.meta.internal.parsers.Reporter.syntaxError(Reporter.scala:16)
	at scala.meta.internal.parsers.Reporter.syntaxError$(Reporter.scala:16)
	at scala.meta.internal.parsers.Reporter$$anon$1.syntaxError(Reporter.scala:22)
	at scala.meta.internal.parsers.Reporter.syntaxError(Reporter.scala:17)
	at scala.meta.internal.parsers.Reporter.syntaxError$(Reporter.scala:17)
	at scala.meta.internal.parsers.Reporter$$anon$1.syntaxError(Reporter.scala:22)
	at scala.meta.internal.parsers.ScalametaParser.syntaxErrorExpected(ScalametaParser.scala:852)
	at scala.meta.internal.parsers.ScalametaParser.accept(ScalametaParser.scala:858)
	at scala.meta.internal.parsers.ScalametaParser.dotselectors$1(ScalametaParser.scala:3877)
	at scala.meta.internal.parsers.ScalametaParser.$anonfun$importer$1(ScalametaParser.scala:3894)
	at scala.meta.internal.parsers.ScalametaParser.atPos(ScalametaParser.scala:817)
	at scala.meta.internal.parsers.ScalametaParser.autoPos(ScalametaParser.scala:833)
	at scala.meta.internal.parsers.ScalametaParser.importer(ScalametaParser.scala:3870)
	at scala.meta.internal.parsers.ScalametaParser.$anonfun$importStmt$2(ScalametaParser.scala:3864)
	at scala.meta.internal.parsers.ScalametaParser.partOrEllipsis$1(ScalametaParser.scala:1354)
	at scala.meta.internal.parsers.ScalametaParser.tokenSeparated(ScalametaParser.scala:1357)
	at scala.meta.internal.parsers.ScalametaParser.commaSeparated(ScalametaParser.scala:1366)
	at scala.meta.internal.parsers.ScalametaParser.$anonfun$importStmt$1(ScalametaParser.scala:3864)
	at scala.meta.internal.parsers.ScalametaParser.atPos(ScalametaParser.scala:817)
	at scala.meta.internal.parsers.ScalametaParser.autoPos(ScalametaParser.scala:833)
	at scala.meta.internal.parsers.ScalametaParser.importStmt(ScalametaParser.scala:3862)
	at scala.meta.internal.parsers.ScalametaParser$$anonfun$topStat$1.applyOrElse(ScalametaParser.scala:4847)
	at scala.meta.internal.parsers.ScalametaParser$$anonfun$topStat$1.applyOrElse(ScalametaParser.scala:4839)
	at scala.runtime.AbstractPartialFunction.apply(AbstractPartialFunction.scala:38)
	at scala.meta.internal.parsers.ScalametaParser.statSeq(ScalametaParser.scala:4829)
	at scala.meta.internal.parsers.ScalametaParser.topStatSeq(ScalametaParser.scala:4838)
	at scala.meta.internal.parsers.ScalametaParser.bracelessPackageStats$1(ScalametaParser.scala:5044)
	at scala.meta.internal.parsers.ScalametaParser.$anonfun$batchSource$9(ScalametaParser.scala:5050)
	at scala.meta.internal.parsers.ScalametaParser.atPos(ScalametaParser.scala:817)
	at scala.meta.internal.parsers.ScalametaParser.$anonfun$batchSource$1(ScalametaParser.scala:5050)
	at scala.meta.internal.parsers.ScalametaParser.atPos(ScalametaParser.scala:817)
	at scala.meta.internal.parsers.ScalametaParser.autoPos(ScalametaParser.scala:833)
	at scala.meta.internal.parsers.ScalametaParser.batchSource(ScalametaParser.scala:5018)
	at scala.meta.internal.parsers.ScalametaParser.$anonfun$source$1(ScalametaParser.scala:5001)
	at scala.meta.internal.parsers.ScalametaParser.atPos(ScalametaParser.scala:817)
	at scala.meta.internal.parsers.ScalametaParser.autoPos(ScalametaParser.scala:833)
	at scala.meta.internal.parsers.ScalametaParser.source(ScalametaParser.scala:5000)
	at scala.meta.internal.parsers.ScalametaParser.entrypointSource(ScalametaParser.scala:5006)
	at scala.meta.internal.parsers.ScalametaParser.$anonfun$parseSource$2(ScalametaParser.scala:142)
	at scala.meta.internal.parsers.ScalametaParser.parseRule(ScalametaParser.scala:52)
	at scala.meta.internal.parsers.ScalametaParser.parseSource(ScalametaParser.scala:142)
	at scala.meta.parsers.Parse$.$anonfun$parseSource$1(Parse.scala:29)
	at scala.meta.internal.parsers.ScalametaParser$$anon$257.apply(ScalametaParser.scala:5063)
	at scala.meta.parsers.Api$XtensionParseDialectInput.parse(Api.scala:25)
	at scala.meta.internal.semanticdb.scalac.ParseOps$XtensionCompilationUnitSource.toSource(ParseOps.scala:17)
	at scala.meta.internal.semanticdb.scalac.TextDocumentOps$XtensionCompilationUnitDocument.toTextDocument(TextDocumentOps.scala:201)
	at scala.meta.internal.pc.SemanticdbTextDocumentProvider.textDocument(SemanticdbTextDocumentProvider.scala:51)

Apr 18, 2022 9:54:36 AM scala.meta.internal.pc.CompilerAccess handleError
SEVERE: file%3A%2F%2F%2Fhome%2Fcristian%2Finfo%2Festudio%2Fscala%2Fadvanced-scala-2%2Fsrc%2Fmain%2Fscala%2Flectures%2Fpart2fp%2FPartialFunctions.scala:4: error: . expected but \n\n found

^
file%3A%2F%2F%2Fhome%2Fcristian%2Finfo%2Festudio%2Fscala%2Fadvanced-scala-2%2Fsrc%2Fmain%2Fscala%2Flectures%2Fpart2fp%2FPartialFunctions.scala:4: error: . expected but \n\n found

^
	at scala.meta.internal.parsers.Reporter.syntaxError(Reporter.scala:16)
	at scala.meta.internal.parsers.Reporter.syntaxError$(Reporter.scala:16)
	at scala.meta.internal.parsers.Reporter$$anon$1.syntaxError(Reporter.scala:22)
	at scala.meta.internal.parsers.Reporter.syntaxError(Reporter.scala:17)
	at scala.meta.internal.parsers.Reporter.syntaxError$(Reporter.scala:17)
	at scala.meta.internal.parsers.Reporter$$anon$1.syntaxError(Reporter.scala:22)
	at scala.meta.internal.parsers.ScalametaParser.syntaxErrorExpected(ScalametaParser.scala:852)
	at scala.meta.internal.parsers.ScalametaParser.accept(ScalametaParser.scala:858)
	at scala.meta.internal.parsers.ScalametaParser.dotselectors$1(ScalametaParser.scala:3877)
	at scala.meta.internal.parsers.ScalametaParser.$anonfun$importer$1(ScalametaParser.scala:3894)
	at scala.meta.internal.parsers.ScalametaParser.atPos(ScalametaParser.scala:817)
	at scala.meta.internal.parsers.ScalametaParser.autoPos(ScalametaParser.scala:833)
	at scala.meta.internal.parsers.ScalametaParser.importer(ScalametaParser.scala:3870)
	at scala.meta.internal.parsers.ScalametaParser.$anonfun$importStmt$2(ScalametaParser.scala:3864)
	at scala.meta.internal.parsers.ScalametaParser.partOrEllipsis$1(ScalametaParser.scala:1354)
	at scala.meta.internal.parsers.ScalametaParser.tokenSeparated(ScalametaParser.scala:1357)
	at scala.meta.internal.parsers.ScalametaParser.commaSeparated(ScalametaParser.scala:1366)
	at scala.meta.internal.parsers.ScalametaParser.$anonfun$importStmt$1(ScalametaParser.scala:3864)
	at scala.meta.internal.parsers.ScalametaParser.atPos(ScalametaParser.scala:817)
	at scala.meta.internal.parsers.ScalametaParser.autoPos(ScalametaParser.scala:833)
	at scala.meta.internal.parsers.ScalametaParser.importStmt(ScalametaParser.scala:3862)
	at scala.meta.internal.parsers.ScalametaParser$$anonfun$topStat$1.applyOrElse(ScalametaParser.scala:4847)
	at scala.meta.internal.parsers.ScalametaParser$$anonfun$topStat$1.applyOrElse(ScalametaParser.scala:4839)
	at scala.runtime.AbstractPartialFunction.apply(AbstractPartialFunction.scala:38)
	at scala.meta.internal.parsers.ScalametaParser.statSeq(ScalametaParser.scala:4829)
	at scala.meta.internal.parsers.ScalametaParser.topStatSeq(ScalametaParser.scala:4838)
	at scala.meta.internal.parsers.ScalametaParser.bracelessPackageStats$1(ScalametaParser.scala:5044)
	at scala.meta.internal.parsers.ScalametaParser.$anonfun$batchSource$9(ScalametaParser.scala:5050)
	at scala.meta.internal.parsers.ScalametaParser.atPos(ScalametaParser.scala:817)
	at scala.meta.internal.parsers.ScalametaParser.$anonfun$batchSource$1(ScalametaParser.scala:5050)
	at scala.meta.internal.parsers.ScalametaParser.atPos(ScalametaParser.scala:817)
	at scala.meta.internal.parsers.ScalametaParser.autoPos(ScalametaParser.scala:833)
	at scala.meta.internal.parsers.ScalametaParser.batchSource(ScalametaParser.scala:5018)
	at scala.meta.internal.parsers.ScalametaParser.$anonfun$source$1(ScalametaParser.scala:5001)
	at scala.meta.internal.parsers.ScalametaParser.atPos(ScalametaParser.scala:817)
	at scala.meta.internal.parsers.ScalametaParser.autoPos(ScalametaParser.scala:833)
	at scala.meta.internal.parsers.ScalametaParser.source(ScalametaParser.scala:5000)
	at scala.meta.internal.parsers.ScalametaParser.entrypointSource(ScalametaParser.scala:5006)
	at scala.meta.internal.parsers.ScalametaParser.$anonfun$parseSource$2(ScalametaParser.scala:142)
	at scala.meta.internal.parsers.ScalametaParser.parseRule(ScalametaParser.scala:52)
	at scala.meta.internal.parsers.ScalametaParser.parseSource(ScalametaParser.scala:142)
	at scala.meta.parsers.Parse$.$anonfun$parseSource$1(Parse.scala:29)
	at scala.meta.internal.parsers.ScalametaParser$$anon$257.apply(ScalametaParser.scala:5063)
	at scala.meta.parsers.Api$XtensionParseDialectInput.parse(Api.scala:25)
	at scala.meta.internal.semanticdb.scalac.ParseOps$XtensionCompilationUnitSource.toSource(ParseOps.scala:17)
	at scala.meta.internal.semanticdb.scalac.TextDocumentOps$XtensionCompilationUnitDocument.toTextDocument(TextDocumentOps.scala:201)
	at scala.meta.internal.pc.SemanticdbTextDocumentProvider.textDocument(SemanticdbTextDocumentProvider.scala:51)

[0m2022.04.18 09:54:36 INFO  time: code lens generation in 1.9s[0m
Apr 18, 2022 9:54:36 AM scala.meta.internal.pc.CompilerAccess handleError
SEVERE: file%3A%2F%2F%2Fhome%2Fcristian%2Finfo%2Festudio%2Fscala%2Fadvanced-scala-2%2Fsrc%2Fmain%2Fscala%2Flectures%2Fpart2fp%2FPartialFunctions.scala:4: error: . expected but \n\n found

^
file%3A%2F%2F%2Fhome%2Fcristian%2Finfo%2Festudio%2Fscala%2Fadvanced-scala-2%2Fsrc%2Fmain%2Fscala%2Flectures%2Fpart2fp%2FPartialFunctions.scala:4: error: . expected but \n\n found

^
	at scala.meta.internal.parsers.Reporter.syntaxError(Reporter.scala:16)
	at scala.meta.internal.parsers.Reporter.syntaxError$(Reporter.scala:16)
	at scala.meta.internal.parsers.Reporter$$anon$1.syntaxError(Reporter.scala:22)
	at scala.meta.internal.parsers.Reporter.syntaxError(Reporter.scala:17)
	at scala.meta.internal.parsers.Reporter.syntaxError$(Reporter.scala:17)
	at scala.meta.internal.parsers.Reporter$$anon$1.syntaxError(Reporter.scala:22)
	at scala.meta.internal.parsers.ScalametaParser.syntaxErrorExpected(ScalametaParser.scala:852)
	at scala.meta.internal.parsers.ScalametaParser.accept(ScalametaParser.scala:858)
	at scala.meta.internal.parsers.ScalametaParser.dotselectors$1(ScalametaParser.scala:3877)
	at scala.meta.internal.parsers.ScalametaParser.$anonfun$importer$1(ScalametaParser.scala:3894)
	at scala.meta.internal.parsers.ScalametaParser.atPos(ScalametaParser.scala:817)
	at scala.meta.internal.parsers.ScalametaParser.autoPos(ScalametaParser.scala:833)
	at scala.meta.internal.parsers.ScalametaParser.importer(ScalametaParser.scala:3870)
	at scala.meta.internal.parsers.ScalametaParser.$anonfun$importStmt$2(ScalametaParser.scala:3864)
	at scala.meta.internal.parsers.ScalametaParser.partOrEllipsis$1(ScalametaParser.scala:1354)
	at scala.meta.internal.parsers.ScalametaParser.tokenSeparated(ScalametaParser.scala:1357)
	at scala.meta.internal.parsers.ScalametaParser.commaSeparated(ScalametaParser.scala:1366)
	at scala.meta.internal.parsers.ScalametaParser.$anonfun$importStmt$1(ScalametaParser.scala:3864)
	at scala.meta.internal.parsers.ScalametaParser.atPos(ScalametaParser.scala:817)
	at scala.meta.internal.parsers.ScalametaParser.autoPos(ScalametaParser.scala:833)
	at scala.meta.internal.parsers.ScalametaParser.importStmt(ScalametaParser.scala:3862)
	at scala.meta.internal.parsers.ScalametaParser$$anonfun$topStat$1.applyOrElse(ScalametaParser.scala:4847)
	at scala.meta.internal.parsers.ScalametaParser$$anonfun$topStat$1.applyOrElse(ScalametaParser.scala:4839)
	at scala.runtime.AbstractPartialFunction.apply(AbstractPartialFunction.scala:38)
	at scala.meta.internal.parsers.ScalametaParser.statSeq(ScalametaParser.scala:4829)
	at scala.meta.internal.parsers.ScalametaParser.topStatSeq(ScalametaParser.scala:4838)
	at scala.meta.internal.parsers.ScalametaParser.bracelessPackageStats$1(ScalametaParser.scala:5044)
	at scala.meta.internal.parsers.ScalametaParser.$anonfun$batchSource$9(ScalametaParser.scala:5050)
	at scala.meta.internal.parsers.ScalametaParser.atPos(ScalametaParser.scala:817)
	at scala.meta.internal.parsers.ScalametaParser.$anonfun$batchSource$1(ScalametaParser.scala:5050)
	at scala.meta.internal.parsers.ScalametaParser.atPos(ScalametaParser.scala:817)
	at scala.meta.internal.parsers.ScalametaParser.autoPos(ScalametaParser.scala:833)
	at scala.meta.internal.parsers.ScalametaParser.batchSource(ScalametaParser.scala:5018)
	at scala.meta.internal.parsers.ScalametaParser.$anonfun$source$1(ScalametaParser.scala:5001)
	at scala.meta.internal.parsers.ScalametaParser.atPos(ScalametaParser.scala:817)
	at scala.meta.internal.parsers.ScalametaParser.autoPos(ScalametaParser.scala:833)
	at scala.meta.internal.parsers.ScalametaParser.source(ScalametaParser.scala:5000)
	at scala.meta.internal.parsers.ScalametaParser.entrypointSource(ScalametaParser.scala:5006)
	at scala.meta.internal.parsers.ScalametaParser.$anonfun$parseSource$2(ScalametaParser.scala:142)
	at scala.meta.internal.parsers.ScalametaParser.parseRule(ScalametaParser.scala:52)
	at scala.meta.internal.parsers.ScalametaParser.parseSource(ScalametaParser.scala:142)
	at scala.meta.parsers.Parse$.$anonfun$parseSource$1(Parse.scala:29)
	at scala.meta.internal.parsers.ScalametaParser$$anon$257.apply(ScalametaParser.scala:5063)
	at scala.meta.parsers.Api$XtensionParseDialectInput.parse(Api.scala:25)
	at scala.meta.internal.semanticdb.scalac.ParseOps$XtensionCompilationUnitSource.toSource(ParseOps.scala:17)
	at scala.meta.internal.semanticdb.scalac.TextDocumentOps$XtensionCompilationUnitDocument.toTextDocument(TextDocumentOps.scala:201)
	at scala.meta.internal.pc.SemanticdbTextDocumentProvider.textDocument(SemanticdbTextDocumentProvider.scala:51)

[0m2022.04.18 09:54:36 INFO  time: code lens generation in 2.08s[0m
[0m2022.04.18 09:54:40 WARN  no build target for: /home/cristian/info/estudio/scala/advanced-scala-2/src/main/scala/lectures/part2fp/PartialFunctions.scala[0m
Apr 18, 2022 9:54:40 AM scala.meta.internal.pc.CompilerAccess handleError
SEVERE: file%3A%2F%2F%2Fhome%2Fcristian%2Finfo%2Festudio%2Fscala%2Fadvanced-scala-2%2Fsrc%2Fmain%2Fscala%2Flectures%2Fpart2fp%2FPartialFunctions.scala:4: error: . expected but \n\n found

^
file%3A%2F%2F%2Fhome%2Fcristian%2Finfo%2Festudio%2Fscala%2Fadvanced-scala-2%2Fsrc%2Fmain%2Fscala%2Flectures%2Fpart2fp%2FPartialFunctions.scala:4: error: . expected but \n\n found

^
	at scala.meta.internal.parsers.Reporter.syntaxError(Reporter.scala:16)
	at scala.meta.internal.parsers.Reporter.syntaxError$(Reporter.scala:16)
	at scala.meta.internal.parsers.Reporter$$anon$1.syntaxError(Reporter.scala:22)
	at scala.meta.internal.parsers.Reporter.syntaxError(Reporter.scala:17)
	at scala.meta.internal.parsers.Reporter.syntaxError$(Reporter.scala:17)
	at scala.meta.internal.parsers.Reporter$$anon$1.syntaxError(Reporter.scala:22)
	at scala.meta.internal.parsers.ScalametaParser.syntaxErrorExpected(ScalametaParser.scala:852)
	at scala.meta.internal.parsers.ScalametaParser.accept(ScalametaParser.scala:858)
	at scala.meta.internal.parsers.ScalametaParser.dotselectors$1(ScalametaParser.scala:3877)
	at scala.meta.internal.parsers.ScalametaParser.$anonfun$importer$1(ScalametaParser.scala:3894)
	at scala.meta.internal.parsers.ScalametaParser.atPos(ScalametaParser.scala:817)
	at scala.meta.internal.parsers.ScalametaParser.autoPos(ScalametaParser.scala:833)
	at scala.meta.internal.parsers.ScalametaParser.importer(ScalametaParser.scala:3870)
	at scala.meta.internal.parsers.ScalametaParser.$anonfun$importStmt$2(ScalametaParser.scala:3864)
	at scala.meta.internal.parsers.ScalametaParser.partOrEllipsis$1(ScalametaParser.scala:1354)
	at scala.meta.internal.parsers.ScalametaParser.tokenSeparated(ScalametaParser.scala:1357)
	at scala.meta.internal.parsers.ScalametaParser.commaSeparated(ScalametaParser.scala:1366)
	at scala.meta.internal.parsers.ScalametaParser.$anonfun$importStmt$1(ScalametaParser.scala:3864)
	at scala.meta.internal.parsers.ScalametaParser.atPos(ScalametaParser.scala:817)
	at scala.meta.internal.parsers.ScalametaParser.autoPos(ScalametaParser.scala:833)
	at scala.meta.internal.parsers.ScalametaParser.importStmt(ScalametaParser.scala:3862)
	at scala.meta.internal.parsers.ScalametaParser$$anonfun$topStat$1.applyOrElse(ScalametaParser.scala:4847)
	at scala.meta.internal.parsers.ScalametaParser$$anonfun$topStat$1.applyOrElse(ScalametaParser.scala:4839)
	at scala.runtime.AbstractPartialFunction.apply(AbstractPartialFunction.scala:38)
	at scala.meta.internal.parsers.ScalametaParser.statSeq(ScalametaParser.scala:4829)
	at scala.meta.internal.parsers.ScalametaParser.topStatSeq(ScalametaParser.scala:4838)
	at scala.meta.internal.parsers.ScalametaParser.bracelessPackageStats$1(ScalametaParser.scala:5044)
	at scala.meta.internal.parsers.ScalametaParser.$anonfun$batchSource$9(ScalametaParser.scala:5050)
	at scala.meta.internal.parsers.ScalametaParser.atPos(ScalametaParser.scala:817)
	at scala.meta.internal.parsers.ScalametaParser.$anonfun$batchSource$1(ScalametaParser.scala:5050)
	at scala.meta.internal.parsers.ScalametaParser.atPos(ScalametaParser.scala:817)
	at scala.meta.internal.parsers.ScalametaParser.autoPos(ScalametaParser.scala:833)
	at scala.meta.internal.parsers.ScalametaParser.batchSource(ScalametaParser.scala:5018)
	at scala.meta.internal.parsers.ScalametaParser.$anonfun$source$1(ScalametaParser.scala:5001)
	at scala.meta.internal.parsers.ScalametaParser.atPos(ScalametaParser.scala:817)
	at scala.meta.internal.parsers.ScalametaParser.autoPos(ScalametaParser.scala:833)
	at scala.meta.internal.parsers.ScalametaParser.source(ScalametaParser.scala:5000)
	at scala.meta.internal.parsers.ScalametaParser.entrypointSource(ScalametaParser.scala:5006)
	at scala.meta.internal.parsers.ScalametaParser.$anonfun$parseSource$2(ScalametaParser.scala:142)
	at scala.meta.internal.parsers.ScalametaParser.parseRule(ScalametaParser.scala:52)
	at scala.meta.internal.parsers.ScalametaParser.parseSource(ScalametaParser.scala:142)
	at scala.meta.parsers.Parse$.$anonfun$parseSource$1(Parse.scala:29)
	at scala.meta.internal.parsers.ScalametaParser$$anon$257.apply(ScalametaParser.scala:5063)
	at scala.meta.parsers.Api$XtensionParseDialectInput.parse(Api.scala:25)
	at scala.meta.internal.semanticdb.scalac.ParseOps$XtensionCompilationUnitSource.toSource(ParseOps.scala:17)
	at scala.meta.internal.semanticdb.scalac.TextDocumentOps$XtensionCompilationUnitDocument.toTextDocument(TextDocumentOps.scala:201)
	at scala.meta.internal.pc.SemanticdbTextDocumentProvider.textDocument(SemanticdbTextDocumentProvider.scala:51)

Apr 18, 2022 9:54:41 AM scala.meta.internal.pc.CompilerAccess handleError
SEVERE: file%3A%2F%2F%2Fhome%2Fcristian%2Finfo%2Festudio%2Fscala%2Fadvanced-scala-2%2Fsrc%2Fmain%2Fscala%2Flectures%2Fpart2fp%2FPartialFunctions.scala:4: error: . expected but \n\n found

^
file%3A%2F%2F%2Fhome%2Fcristian%2Finfo%2Festudio%2Fscala%2Fadvanced-scala-2%2Fsrc%2Fmain%2Fscala%2Flectures%2Fpart2fp%2FPartialFunctions.scala:4: error: . expected but \n\n found

^
	at scala.meta.internal.parsers.Reporter.syntaxError(Reporter.scala:16)
	at scala.meta.internal.parsers.Reporter.syntaxError$(Reporter.scala:16)
	at scala.meta.internal.parsers.Reporter$$anon$1.syntaxError(Reporter.scala:22)
	at scala.meta.internal.parsers.Reporter.syntaxError(Reporter.scala:17)
	at scala.meta.internal.parsers.Reporter.syntaxError$(Reporter.scala:17)
	at scala.meta.internal.parsers.Reporter$$anon$1.syntaxError(Reporter.scala:22)
	at scala.meta.internal.parsers.ScalametaParser.syntaxErrorExpected(ScalametaParser.scala:852)
	at scala.meta.internal.parsers.ScalametaParser.accept(ScalametaParser.scala:858)
	at scala.meta.internal.parsers.ScalametaParser.dotselectors$1(ScalametaParser.scala:3877)
	at scala.meta.internal.parsers.ScalametaParser.$anonfun$importer$1(ScalametaParser.scala:3894)
	at scala.meta.internal.parsers.ScalametaParser.atPos(ScalametaParser.scala:817)
	at scala.meta.internal.parsers.ScalametaParser.autoPos(ScalametaParser.scala:833)
	at scala.meta.internal.parsers.ScalametaParser.importer(ScalametaParser.scala:3870)
	at scala.meta.internal.parsers.ScalametaParser.$anonfun$importStmt$2(ScalametaParser.scala:3864)
	at scala.meta.internal.parsers.ScalametaParser.partOrEllipsis$1(ScalametaParser.scala:1354)
	at scala.meta.internal.parsers.ScalametaParser.tokenSeparated(ScalametaParser.scala:1357)
	at scala.meta.internal.parsers.ScalametaParser.commaSeparated(ScalametaParser.scala:1366)
	at scala.meta.internal.parsers.ScalametaParser.$anonfun$importStmt$1(ScalametaParser.scala:3864)
	at scala.meta.internal.parsers.ScalametaParser.atPos(ScalametaParser.scala:817)
	at scala.meta.internal.parsers.ScalametaParser.autoPos(ScalametaParser.scala:833)
	at scala.meta.internal.parsers.ScalametaParser.importStmt(ScalametaParser.scala:3862)
	at scala.meta.internal.parsers.ScalametaParser$$anonfun$topStat$1.applyOrElse(ScalametaParser.scala:4847)
	at scala.meta.internal.parsers.ScalametaParser$$anonfun$topStat$1.applyOrElse(ScalametaParser.scala:4839)
	at scala.runtime.AbstractPartialFunction.apply(AbstractPartialFunction.scala:38)
	at scala.meta.internal.parsers.ScalametaParser.statSeq(ScalametaParser.scala:4829)
	at scala.meta.internal.parsers.ScalametaParser.topStatSeq(ScalametaParser.scala:4838)
	at scala.meta.internal.parsers.ScalametaParser.bracelessPackageStats$1(ScalametaParser.scala:5044)
	at scala.meta.internal.parsers.ScalametaParser.$anonfun$batchSource$9(ScalametaParser.scala:5050)
	at scala.meta.internal.parsers.ScalametaParser.atPos(ScalametaParser.scala:817)
	at scala.meta.internal.parsers.ScalametaParser.$anonfun$batchSource$1(ScalametaParser.scala:5050)
	at scala.meta.internal.parsers.ScalametaParser.atPos(ScalametaParser.scala:817)
	at scala.meta.internal.parsers.ScalametaParser.autoPos(ScalametaParser.scala:833)
	at scala.meta.internal.parsers.ScalametaParser.batchSource(ScalametaParser.scala:5018)
	at scala.meta.internal.parsers.ScalametaParser.$anonfun$source$1(ScalametaParser.scala:5001)
	at scala.meta.internal.parsers.ScalametaParser.atPos(ScalametaParser.scala:817)
	at scala.meta.internal.parsers.ScalametaParser.autoPos(ScalametaParser.scala:833)
	at scala.meta.internal.parsers.ScalametaParser.source(ScalametaParser.scala:5000)
	at scala.meta.internal.parsers.ScalametaParser.entrypointSource(ScalametaParser.scala:5006)
	at scala.meta.internal.parsers.ScalametaParser.$anonfun$parseSource$2(ScalametaParser.scala:142)
	at scala.meta.internal.parsers.ScalametaParser.parseRule(ScalametaParser.scala:52)
	at scala.meta.internal.parsers.ScalametaParser.parseSource(ScalametaParser.scala:142)
	at scala.meta.parsers.Parse$.$anonfun$parseSource$1(Parse.scala:29)
	at scala.meta.internal.parsers.ScalametaParser$$anon$257.apply(ScalametaParser.scala:5063)
	at scala.meta.parsers.Api$XtensionParseDialectInput.parse(Api.scala:25)
	at scala.meta.internal.semanticdb.scalac.ParseOps$XtensionCompilationUnitSource.toSource(ParseOps.scala:17)
	at scala.meta.internal.semanticdb.scalac.TextDocumentOps$XtensionCompilationUnitDocument.toTextDocument(TextDocumentOps.scala:201)
	at scala.meta.internal.pc.SemanticdbTextDocumentProvider.textDocument(SemanticdbTextDocumentProvider.scala:51)

Apr 18, 2022 9:54:41 AM scala.meta.internal.pc.CompilerAccess handleError
SEVERE: file%3A%2F%2F%2Fhome%2Fcristian%2Finfo%2Festudio%2Fscala%2Fadvanced-scala-2%2Fsrc%2Fmain%2Fscala%2Flectures%2Fpart2fp%2FPartialFunctions.scala:4: error: . expected but \n\n found

^
file%3A%2F%2F%2Fhome%2Fcristian%2Finfo%2Festudio%2Fscala%2Fadvanced-scala-2%2Fsrc%2Fmain%2Fscala%2Flectures%2Fpart2fp%2FPartialFunctions.scala:4: error: . expected but \n\n found

^
	at scala.meta.internal.parsers.Reporter.syntaxError(Reporter.scala:16)
	at scala.meta.internal.parsers.Reporter.syntaxError$(Reporter.scala:16)
	at scala.meta.internal.parsers.Reporter$$anon$1.syntaxError(Reporter.scala:22)
	at scala.meta.internal.parsers.Reporter.syntaxError(Reporter.scala:17)
	at scala.meta.internal.parsers.Reporter.syntaxError$(Reporter.scala:17)
	at scala.meta.internal.parsers.Reporter$$anon$1.syntaxError(Reporter.scala:22)
	at scala.meta.internal.parsers.ScalametaParser.syntaxErrorExpected(ScalametaParser.scala:852)
	at scala.meta.internal.parsers.ScalametaParser.accept(ScalametaParser.scala:858)
	at scala.meta.internal.parsers.ScalametaParser.dotselectors$1(ScalametaParser.scala:3877)
	at scala.meta.internal.parsers.ScalametaParser.$anonfun$importer$1(ScalametaParser.scala:3894)
	at scala.meta.internal.parsers.ScalametaParser.atPos(ScalametaParser.scala:817)
	at scala.meta.internal.parsers.ScalametaParser.autoPos(ScalametaParser.scala:833)
	at scala.meta.internal.parsers.ScalametaParser.importer(ScalametaParser.scala:3870)
	at scala.meta.internal.parsers.ScalametaParser.$anonfun$importStmt$2(ScalametaParser.scala:3864)
	at scala.meta.internal.parsers.ScalametaParser.partOrEllipsis$1(ScalametaParser.scala:1354)
	at scala.meta.internal.parsers.ScalametaParser.tokenSeparated(ScalametaParser.scala:1357)
	at scala.meta.internal.parsers.ScalametaParser.commaSeparated(ScalametaParser.scala:1366)
	at scala.meta.internal.parsers.ScalametaParser.$anonfun$importStmt$1(ScalametaParser.scala:3864)
	at scala.meta.internal.parsers.ScalametaParser.atPos(ScalametaParser.scala:817)
	at scala.meta.internal.parsers.ScalametaParser.autoPos(ScalametaParser.scala:833)
	at scala.meta.internal.parsers.ScalametaParser.importStmt(ScalametaParser.scala:3862)
	at scala.meta.internal.parsers.ScalametaParser$$anonfun$topStat$1.applyOrElse(ScalametaParser.scala:4847)
	at scala.meta.internal.parsers.ScalametaParser$$anonfun$topStat$1.applyOrElse(ScalametaParser.scala:4839)
	at scala.runtime.AbstractPartialFunction.apply(AbstractPartialFunction.scala:38)
	at scala.meta.internal.parsers.ScalametaParser.statSeq(ScalametaParser.scala:4829)
	at scala.meta.internal.parsers.ScalametaParser.topStatSeq(ScalametaParser.scala:4838)
	at scala.meta.internal.parsers.ScalametaParser.bracelessPackageStats$1(ScalametaParser.scala:5044)
	at scala.meta.internal.parsers.ScalametaParser.$anonfun$batchSource$9(ScalametaParser.scala:5050)
	at scala.meta.internal.parsers.ScalametaParser.atPos(ScalametaParser.scala:817)
	at scala.meta.internal.parsers.ScalametaParser.$anonfun$batchSource$1(ScalametaParser.scala:5050)
	at scala.meta.internal.parsers.ScalametaParser.atPos(ScalametaParser.scala:817)
	at scala.meta.internal.parsers.ScalametaParser.autoPos(ScalametaParser.scala:833)
	at scala.meta.internal.parsers.ScalametaParser.batchSource(ScalametaParser.scala:5018)
	at scala.meta.internal.parsers.ScalametaParser.$anonfun$source$1(ScalametaParser.scala:5001)
	at scala.meta.internal.parsers.ScalametaParser.atPos(ScalametaParser.scala:817)
	at scala.meta.internal.parsers.ScalametaParser.autoPos(ScalametaParser.scala:833)
	at scala.meta.internal.parsers.ScalametaParser.source(ScalametaParser.scala:5000)
	at scala.meta.internal.parsers.ScalametaParser.entrypointSource(ScalametaParser.scala:5006)
	at scala.meta.internal.parsers.ScalametaParser.$anonfun$parseSource$2(ScalametaParser.scala:142)
	at scala.meta.internal.parsers.ScalametaParser.parseRule(ScalametaParser.scala:52)
	at scala.meta.internal.parsers.ScalametaParser.parseSource(ScalametaParser.scala:142)
	at scala.meta.parsers.Parse$.$anonfun$parseSource$1(Parse.scala:29)
	at scala.meta.internal.parsers.ScalametaParser$$anon$257.apply(ScalametaParser.scala:5063)
	at scala.meta.parsers.Api$XtensionParseDialectInput.parse(Api.scala:25)
	at scala.meta.internal.semanticdb.scalac.ParseOps$XtensionCompilationUnitSource.toSource(ParseOps.scala:17)
	at scala.meta.internal.semanticdb.scalac.TextDocumentOps$XtensionCompilationUnitDocument.toTextDocument(TextDocumentOps.scala:201)
	at scala.meta.internal.pc.SemanticdbTextDocumentProvider.textDocument(SemanticdbTextDocumentProvider.scala:51)

[0m2022.04.18 09:54:44 WARN  no build target for: /home/cristian/info/estudio/scala/advanced-scala-2/src/main/scala/lectures/part2fp/PartialFunctions.scala[0m
[0m2022.04.18 09:54:48 WARN  no build target for: /home/cristian/info/estudio/scala/advanced-scala-2/src/main/scala/exercises/MySet.scala[0m
[0m2022.04.18 09:55:43 INFO  shutting down Metals[0m
[0m2022.04.18 09:55:43 ERROR Unexpected error initializing server
org.eclipse.lsp4j.jsonrpc.ResponseErrorException: Request window/showMessageRequest failed with message: Canceled
	at org.eclipse.lsp4j.jsonrpc.RemoteEndpoint.handleResponse(RemoteEndpoint.java:209)
	at org.eclipse.lsp4j.jsonrpc.RemoteEndpoint.consume(RemoteEndpoint.java:193)
	at org.eclipse.lsp4j.jsonrpc.json.StreamMessageProducer.handleMessage(StreamMessageProducer.java:194)
	at org.eclipse.lsp4j.jsonrpc.json.StreamMessageProducer.listen(StreamMessageProducer.java:94)
	at org.eclipse.lsp4j.jsonrpc.json.ConcurrentMessageProcessor.run(ConcurrentMessageProcessor.java:113)
	at java.util.concurrent.Executors$RunnableAdapter.call(Executors.java:515)
	at java.util.concurrent.FutureTask.run(FutureTask.java:264)
	at java.util.concurrent.ThreadPoolExecutor.runWorker(ThreadPoolExecutor.java:1128)
	at java.util.concurrent.ThreadPoolExecutor$Worker.run(ThreadPoolExecutor.java:628)
	at java.lang.Thread.run(Thread.java:834)
[0m
